<?xml version="1.0" encoding="UTF-8"?>
<!-- Generated by org.testng.reporters.JUnitReportReporter -->
<testsuite skipped="0" hostname="DESKTOP-897KAHP" name="qaclickacademy.AppiumTest" tests="2" failures="0" timestamp="2020-03-27T01:49:51 CDT" time="0.012" errors="0">
  <testcase name="IOSApp" time="0.008" classname="qaclickacademy.AppiumTest"/>
  <testcase name="NativeApp" time="0.004" classname="qaclickacademy.AppiumTest"/>
</testsuite> <!-- qaclickacademy.AppiumTest -->
