<?xml version="1.0" encoding="UTF-8"?>
<!-- Generated by org.testng.reporters.JUnitReportReporter -->
<testsuite skipped="0" hostname="DESKTOP-897KAHP" name="qaclickacademy.RestAPITest" tests="2" failures="0" timestamp="2020-03-27T01:49:37 CDT" time="0.000" errors="0">
  <testcase name="PostJira" time="0.000" classname="qaclickacademy.RestAPITest"/>
  <testcase name="DeleteTwitter" time="0.000" classname="qaclickacademy.RestAPITest"/>
</testsuite> <!-- qaclickacademy.RestAPITest -->
